<?xml version="1.0" encoding="UTF-8"?>
<testsuite xmlns:xsi="http://www.w3.org/2001/XMLSchema-instance" xsi:noNamespaceSchemaLocation="https://maven.apache.org/surefire/maven-failsafe-plugin/xsd/failsafe-test-report.xsd" name="com.example.javamavenjunithelloworld.HelloWithTestsIT" time="0.003" tests="2" errors="0" skipped="0" failures="0">
  <properties>
[...]
</properties>
  <testcase name="doesItSayHelloTest" classname="com.example.javamavenjunithelloworld.HelloWithTestsIT" time="0"/>
  <testcase name="doesItSayHelloTest3" classname="com.example.javamavenjunithelloworld.HelloWithTestsIT" time="0"/>
</testsuite>